<?xml version="1.0" encoding="UTF-8"?>
<!-- Generated by org.testng.reporters.JUnitReportReporter -->
<testsuite skipped="0" hostname="ajitbiswas-laptop" name="testpackage.LogintoActitime2" tests="1" failures="0" timestamp="01 Nov 2017 05:39:12 GMT" time="24.155" errors="0">
  <testcase name="login" time="24.155" classname="testpackage.LogintoActitime2"/>
</testsuite> <!-- testpackage.LogintoActitime2 -->
