<?xml version="1.0" encoding="UTF-8"?>
<!-- Generated by org.testng.reporters.JUnitReportReporter -->
<testsuite skipped="0" hostname="ajitbiswas-laptop" name="testpackage.LogintoActitime1" tests="1" failures="0" timestamp="01 Nov 2017 05:39:12 GMT" time="17.816" errors="0">
  <testcase name="login" time="17.816" classname="testpackage.LogintoActitime1"/>
</testsuite> <!-- testpackage.LogintoActitime1 -->
